SF:lib\app\modules\converter\domain\entities\currency_info_entity.dart
DA:5,1
LF:1
LH:1
end_of_record
SF:lib\app\modules\converter\domain\enums\currency_type_enum.dart
DA:1,1
LF:1
LH:1
end_of_record
SF:lib\app\modules\converter\domain\usecases\covert_currency.dart
DA:13,1
DA:18,1
DA:19,1
DA:20,1
DA:21,1
DA:22,1
DA:23,2
DA:24,1
DA:27,1
DA:29,3
DA:32,1
DA:33,1
DA:34,2
DA:35,2
DA:38,1
DA:39,2
DA:40,1
DA:42,2
DA:45,1
DA:46,2
DA:47,1
DA:48,2
DA:49,1
LF:23
LH:23
end_of_record
SF:lib\app\modules\converter\domain\entities\currency_entity.dart
DA:6,1
LF:1
LH:1
end_of_record
